::1 - - [14/Nov/2025 08:43:08] "GET / HTTP/1.1" 200 -
::1 - - [14/Nov/2025 08:47:25] "HEAD / HTTP/1.1" 200 -
::1 - - [14/Nov/2025 08:47:42] "GET / HTTP/1.1" 200 -
::1 - - [14/Nov/2025 08:47:42] code 404, message File not found
::1 - - [14/Nov/2025 08:47:42] "GET /comprehensive_professor_analysis.csv HTTP/1.1" 404 -
::1 - - [14/Nov/2025 08:47:42] code 404, message File not found
::1 - - [14/Nov/2025 08:47:42] "GET /favicon.ico HTTP/1.1" 404 -
::1 - - [14/Nov/2025 08:48:01] "GET / HTTP/1.1" 200 -
::1 - - [14/Nov/2025 08:48:17] code 404, message File not found
::1 - - [14/Nov/2025 08:48:17] "GET /comprehensive_professor_analysis.csv HTTP/1.1" 404 -
::1 - - [14/Nov/2025 08:48:37] "GET /comprehensive_professor_analysis.csv HTTP/1.1" 200 -
::1 - - [14/Nov/2025 08:49:24] "GET / HTTP/1.1" 200 -
::1 - - [14/Nov/2025 08:49:24] "GET /comprehensive_professor_analysis.csv HTTP/1.1" 200 -
::1 - - [14/Nov/2025 09:02:09] "GET / HTTP/1.1" 200 -
::1 - - [14/Nov/2025 09:02:09] "GET / HTTP/1.1" 200 -
::1 - - [14/Nov/2025 09:02:38] "GET / HTTP/1.1" 200 -
::1 - - [14/Nov/2025 09:02:38] "GET /comprehensive_professor_analysis.csv HTTP/1.1" 200 -
::1 - - [14/Nov/2025 09:16:16] "GET / HTTP/1.1" 200 -
::1 - - [14/Nov/2025 09:16:47] "GET / HTTP/1.1" 200 -
::1 - - [14/Nov/2025 09:16:47] "GET /comprehensive_professor_analysis.csv HTTP/1.1" 304 -
::1 - - [14/Nov/2025 09:22:19] "GET / HTTP/1.1" 200 -
::1 - - [14/Nov/2025 09:22:19] "GET /comprehensive_professor_analysis.csv HTTP/1.1" 304 -
::1 - - [14/Nov/2025 09:28:43] "GET / HTTP/1.1" 200 -
::1 - - [14/Nov/2025 09:28:43] "GET /comprehensive_professor_analysis.csv HTTP/1.1" 304 -
::1 - - [15/Nov/2025 09:59:35] "GET / HTTP/1.1" 200 -
::1 - - [15/Nov/2025 09:59:35] "GET /all_years_data.csv HTTP/1.1" 200 -
::1 - - [15/Nov/2025 18:09:51] "GET / HTTP/1.1" 200 -
::1 - - [15/Nov/2025 18:09:51] "GET /all_years_data.csv HTTP/1.1" 304 -
::1 - - [15/Nov/2025 19:53:11] "GET / HTTP/1.1" 304 -
::1 - - [15/Nov/2025 19:53:11] "GET /all_years_data.csv HTTP/1.1" 304 -
::1 - - [15/Nov/2025 19:53:12] code 404, message File not found
::1 - - [15/Nov/2025 19:53:12] "GET /apple-touch-icon-precomposed.png HTTP/1.1" 404 -
::1 - - [15/Nov/2025 19:53:12] code 404, message File not found
::1 - - [15/Nov/2025 19:53:12] "GET /apple-touch-icon.png HTTP/1.1" 404 -
::1 - - [15/Nov/2025 21:10:22] "GET / HTTP/1.1" 200 -
::1 - - [15/Nov/2025 21:10:22] "GET /all_years_data.csv HTTP/1.1" 304 -
::1 - - [15/Nov/2025 21:21:10] "GET / HTTP/1.1" 200 -
